2024-10-15T09:32:48.765+05:30  INFO 14100 --- [CapStone-Project] [main] c.G.C.P.CapStoneProjectApplication       : Starting CapStoneProjectApplication using Java 21.0.1 with PID 14100 (C:\Users\HP\Desktop\CapStone Project ECAP\CapStone-Project\target\classes started by HP in C:\Users\HP\Desktop\CapStone Project ECAP\CapStone-Project)
2024-10-15T09:32:48.826+05:30  INFO 14100 --- [CapStone-Project] [main] c.G.C.P.CapStoneProjectApplication       : No active profile set, falling back to 1 default profile: "default"
2024-10-15T09:32:50.894+05:30  INFO 14100 --- [CapStone-Project] [main] .s.d.r.c.RepositoryConfigurationDelegate : Bootstrapping Spring Data JPA repositories in DEFAULT mode.
2024-10-15T09:32:50.989+05:30  INFO 14100 --- [CapStone-Project] [main] .s.d.r.c.RepositoryConfigurationDelegate : Finished Spring Data repository scanning in 62 ms. Found 0 JPA repository interfaces.
2024-10-15T09:32:52.159+05:30  INFO 14100 --- [CapStone-Project] [main] o.s.b.w.embedded.tomcat.TomcatWebServer  : Tomcat initialized with port 8080 (http)
2024-10-15T09:32:52.201+05:30  INFO 14100 --- [CapStone-Project] [main] o.apache.catalina.core.StandardService   : Starting service [Tomcat]
2024-10-15T09:32:52.203+05:30  INFO 14100 --- [CapStone-Project] [main] o.apache.catalina.core.StandardEngine    : Starting Servlet engine: [Apache Tomcat/10.1.30]
2024-10-15T09:32:52.374+05:30  INFO 14100 --- [CapStone-Project] [main] o.a.c.c.C.[Tomcat].[localhost].[/]       : Initializing Spring embedded WebApplicationContext
2024-10-15T09:32:52.375+05:30  INFO 14100 --- [CapStone-Project] [main] w.s.c.ServletWebServerApplicationContext : Root WebApplicationContext: initialization completed in 3367 ms
2024-10-15T09:32:52.753+05:30  INFO 14100 --- [CapStone-Project] [main] o.hibernate.jpa.internal.util.LogHelper  : HHH000204: Processing PersistenceUnitInfo [name: default]
2024-10-15T09:32:52.968+05:30  INFO 14100 --- [CapStone-Project] [main] org.hibernate.Version                    : HHH000412: Hibernate ORM core version 6.5.3.Final
2024-10-15T09:32:53.105+05:30  INFO 14100 --- [CapStone-Project] [main] o.h.c.internal.RegionFactoryInitiator    : HHH000026: Second-level cache disabled
2024-10-15T09:32:54.159+05:30  INFO 14100 --- [CapStone-Project] [main] o.s.o.j.p.SpringPersistenceUnitInfo      : No LoadTimeWeaver setup: ignoring JPA class transformer
2024-10-15T09:32:54.234+05:30  INFO 14100 --- [CapStone-Project] [main] com.zaxxer.hikari.HikariDataSource       : HikariPool-1 - Starting...
2024-10-15T09:32:55.038+05:30  INFO 14100 --- [CapStone-Project] [main] com.zaxxer.hikari.pool.HikariPool        : HikariPool-1 - Added connection com.mysql.cj.jdbc.ConnectionImpl@70c205bf
2024-10-15T09:32:55.043+05:30  INFO 14100 --- [CapStone-Project] [main] com.zaxxer.hikari.HikariDataSource       : HikariPool-1 - Start completed.
2024-10-15T09:32:55.250+05:30  WARN 14100 --- [CapStone-Project] [main] org.hibernate.orm.deprecation            : HHH90000025: MySQLDialect does not need to be specified explicitly using 'hibernate.dialect' (remove the property setting and it will be selected by default)
2024-10-15T09:32:57.886+05:30  INFO 14100 --- [CapStone-Project] [main] o.h.e.t.j.p.i.JtaPlatformInitiator       : HHH000489: No JTA platform available (set 'hibernate.transaction.jta.platform' to enable JTA platform integration)
2024-10-15T09:32:58.163+05:30  INFO 14100 --- [CapStone-Project] [main] j.LocalContainerEntityManagerFactoryBean : Initialized JPA EntityManagerFactory for persistence unit 'default'
2024-10-15T09:32:58.609+05:30  WARN 14100 --- [CapStone-Project] [main] JpaBaseConfiguration$JpaWebConfiguration : spring.jpa.open-in-view is enabled by default. Therefore, database queries may be performed during view rendering. Explicitly configure spring.jpa.open-in-view to disable this warning
2024-10-15T09:32:59.578+05:30  INFO 14100 --- [CapStone-Project] [main] o.s.b.w.embedded.tomcat.TomcatWebServer  : Tomcat started on port 8080 (http) with context path '/'
2024-10-15T09:32:59.600+05:30  INFO 14100 --- [CapStone-Project] [main] c.G.C.P.CapStoneProjectApplication       : Started CapStoneProjectApplication in 12.693 seconds (process running for 14.989)
2024-10-15T09:33:29.031+05:30  INFO 14100 --- [CapStone-Project] [http-nio-8080-exec-2] o.a.c.c.C.[Tomcat].[localhost].[/]       : Initializing Spring DispatcherServlet 'dispatcherServlet'
2024-10-15T09:33:29.031+05:30  INFO 14100 --- [CapStone-Project] [http-nio-8080-exec-2] o.s.web.servlet.DispatcherServlet        : Initializing Servlet 'dispatcherServlet'
2024-10-15T09:33:29.034+05:30  INFO 14100 --- [CapStone-Project] [http-nio-8080-exec-2] o.s.web.servlet.DispatcherServlet        : Completed initialization in 2 ms
2024-10-15T10:18:12.848+05:30  WARN 14100 --- [CapStone-Project] [HikariPool-1 housekeeper] com.zaxxer.hikari.pool.HikariPool        : HikariPool-1 - Thread starvation or clock leap detected (housekeeper delta=22m17s401ms684µs100ns).
2024-10-15T11:14:50.822+05:30  WARN 14100 --- [CapStone-Project] [HikariPool-1 housekeeper] com.zaxxer.hikari.pool.HikariPool        : HikariPool-1 - Thread starvation or clock leap detected (housekeeper delta=24m37s452ms993µs100ns).
2024-10-15T11:36:26.093+05:30  INFO 14100 --- [CapStone-Project] [RMI TCP Connection(87)-127.0.0.1] inMXBeanRegistrar$SpringApplicationAdmin : Application shutdown requested.
2024-10-15T11:36:26.178+05:30  INFO 14100 --- [CapStone-Project] [RMI TCP Connection(87)-127.0.0.1] j.LocalContainerEntityManagerFactoryBean : Closing JPA EntityManagerFactory for persistence unit 'default'
2024-10-15T11:36:26.189+05:30  INFO 14100 --- [CapStone-Project] [RMI TCP Connection(87)-127.0.0.1] com.zaxxer.hikari.HikariDataSource       : HikariPool-1 - Shutdown initiated...
2024-10-15T11:36:26.207+05:30  INFO 14100 --- [CapStone-Project] [RMI TCP Connection(87)-127.0.0.1] com.zaxxer.hikari.HikariDataSource       : HikariPool-1 - Shutdown completed.
2024-10-15T11:55:40.361+05:30  INFO 10596 --- [CapStone-Project] [main] c.G.C.P.CapStoneProjectApplication       : Starting CapStoneProjectApplication using Java 21.0.1 with PID 10596 (C:\Users\HP\Desktop\CapStone Project ECAP\CapStone-Project\target\classes started by HP in C:\Users\HP\Desktop\CapStone Project ECAP\CapStone-Project)
2024-10-15T11:55:40.366+05:30  INFO 10596 --- [CapStone-Project] [main] c.G.C.P.CapStoneProjectApplication       : No active profile set, falling back to 1 default profile: "default"
2024-10-15T11:55:42.707+05:30  INFO 10596 --- [CapStone-Project] [main] .s.d.r.c.RepositoryConfigurationDelegate : Bootstrapping Spring Data JPA repositories in DEFAULT mode.
2024-10-15T11:55:42.801+05:30  INFO 10596 --- [CapStone-Project] [main] .s.d.r.c.RepositoryConfigurationDelegate : Finished Spring Data repository scanning in 60 ms. Found 0 JPA repository interfaces.
2024-10-15T11:55:44.422+05:30  INFO 10596 --- [CapStone-Project] [main] o.s.b.w.embedded.tomcat.TomcatWebServer  : Tomcat initialized with port 8080 (http)
2024-10-15T11:55:44.481+05:30  INFO 10596 --- [CapStone-Project] [main] o.apache.catalina.core.StandardService   : Starting service [Tomcat]
2024-10-15T11:55:44.483+05:30  INFO 10596 --- [CapStone-Project] [main] o.apache.catalina.core.StandardEngine    : Starting Servlet engine: [Apache Tomcat/10.1.30]
2024-10-15T11:55:44.693+05:30  INFO 10596 --- [CapStone-Project] [main] o.a.c.c.C.[Tomcat].[localhost].[/]       : Initializing Spring embedded WebApplicationContext
2024-10-15T11:55:44.694+05:30  INFO 10596 --- [CapStone-Project] [main] w.s.c.ServletWebServerApplicationContext : Root WebApplicationContext: initialization completed in 4141 ms
2024-10-15T11:55:45.111+05:30  INFO 10596 --- [CapStone-Project] [main] o.hibernate.jpa.internal.util.LogHelper  : HHH000204: Processing PersistenceUnitInfo [name: default]
2024-10-15T11:55:45.333+05:30  INFO 10596 --- [CapStone-Project] [main] org.hibernate.Version                    : HHH000412: Hibernate ORM core version 6.5.3.Final
2024-10-15T11:55:45.486+05:30  INFO 10596 --- [CapStone-Project] [main] o.h.c.internal.RegionFactoryInitiator    : HHH000026: Second-level cache disabled
2024-10-15T11:55:46.739+05:30  INFO 10596 --- [CapStone-Project] [main] o.s.o.j.p.SpringPersistenceUnitInfo      : No LoadTimeWeaver setup: ignoring JPA class transformer
2024-10-15T11:55:46.850+05:30  INFO 10596 --- [CapStone-Project] [main] com.zaxxer.hikari.HikariDataSource       : HikariPool-1 - Starting...
2024-10-15T11:55:47.707+05:30  INFO 10596 --- [CapStone-Project] [main] com.zaxxer.hikari.pool.HikariPool        : HikariPool-1 - Added connection com.mysql.cj.jdbc.ConnectionImpl@40a8a26f
2024-10-15T11:55:47.711+05:30  INFO 10596 --- [CapStone-Project] [main] com.zaxxer.hikari.HikariDataSource       : HikariPool-1 - Start completed.
2024-10-15T11:55:47.898+05:30  WARN 10596 --- [CapStone-Project] [main] org.hibernate.orm.deprecation            : HHH90000025: MySQLDialect does not need to be specified explicitly using 'hibernate.dialect' (remove the property setting and it will be selected by default)
2024-10-15T11:55:52.033+05:30  INFO 10596 --- [CapStone-Project] [main] o.h.e.t.j.p.i.JtaPlatformInitiator       : HHH000489: No JTA platform available (set 'hibernate.transaction.jta.platform' to enable JTA platform integration)
2024-10-15T11:55:52.439+05:30  INFO 10596 --- [CapStone-Project] [main] j.LocalContainerEntityManagerFactoryBean : Initialized JPA EntityManagerFactory for persistence unit 'default'
2024-10-15T11:55:53.275+05:30  WARN 10596 --- [CapStone-Project] [main] JpaBaseConfiguration$JpaWebConfiguration : spring.jpa.open-in-view is enabled by default. Therefore, database queries may be performed during view rendering. Explicitly configure spring.jpa.open-in-view to disable this warning
2024-10-15T11:55:55.360+05:30  INFO 10596 --- [CapStone-Project] [main] o.s.b.w.embedded.tomcat.TomcatWebServer  : Tomcat started on port 8080 (http) with context path '/'
2024-10-15T11:55:55.391+05:30  INFO 10596 --- [CapStone-Project] [main] c.G.C.P.CapStoneProjectApplication       : Started CapStoneProjectApplication in 16.202 seconds (process running for 18.536)
2024-10-15T11:56:01.353+05:30  INFO 10596 --- [CapStone-Project] [http-nio-8080-exec-1] o.a.c.c.C.[Tomcat].[localhost].[/]       : Initializing Spring DispatcherServlet 'dispatcherServlet'
2024-10-15T11:56:01.355+05:30  INFO 10596 --- [CapStone-Project] [http-nio-8080-exec-1] o.s.web.servlet.DispatcherServlet        : Initializing Servlet 'dispatcherServlet'
2024-10-15T11:56:01.363+05:30  INFO 10596 --- [CapStone-Project] [http-nio-8080-exec-1] o.s.web.servlet.DispatcherServlet        : Completed initialization in 5 ms
2024-10-15T11:58:19.421+05:30  WARN 10596 --- [CapStone-Project] [http-nio-8080-exec-6] .w.s.m.s.DefaultHandlerExceptionResolver : Resolved [org.springframework.web.HttpRequestMethodNotSupportedException: Request method 'POST' is not supported]
